[LOGGER] error : uncaughtException: тип Unable to compile TypeScript:
[96msrc/controllers/barang.controller.ts[0m:[93m7[0m:[93m3[0m - [91merror[0m[90m TS2724: [0m'"../services/barang.service"' has no exported member named 'inserDataBarang'. Did you mean 'insertBarang'?

[7m7[0m   inserDataBarang
[7m [0m [91m  ~~~~~~~~~~~~~~~[0m

  [96msrc/services/barang.service.ts[0m:[93m14[0m:[93m14[0m
    [7m14[0m export const insertBarang = async (payload: BarangType): Promise<any> => {
    [7m  [0m [96m             ~~~~~~~~~~~~[0m
    'insertBarang' is declared here.

TSError: тип Unable to compile TypeScript:
[96msrc/controllers/barang.controller.ts[0m:[93m7[0m:[93m3[0m - [91merror[0m[90m TS2724: [0m'"../services/barang.service"' has no exported member named 'inserDataBarang'. Did you mean 'insertBarang'?

[7m7[0m   inserDataBarang
[7m [0m [91m  ~~~~~~~~~~~~~~~[0m

  [96msrc/services/barang.service.ts[0m:[93m14[0m:[93m14[0m
    [7m14[0m export const insertBarang = async (payload: BarangType): Promise<any> => {
    [7m  [0m [96m             ~~~~~~~~~~~~[0m
    'insertBarang' is declared here.

    at createTSError (D:\Bootcamp PijarCamp\materi\learn-typescript\api\01-create-project\node_modules\.pnpm\ts-node@10.9.2_@types+node@20.11.19_typescript@5.3.3\node_modules\ts-node\src\index.ts:859:12)
    at reportTSError (D:\Bootcamp PijarCamp\materi\learn-typescript\api\01-create-project\node_modules\.pnpm\ts-node@10.9.2_@types+node@20.11.19_typescript@5.3.3\node_modules\ts-node\src\index.ts:863:19)
    at getOutput (D:\Bootcamp PijarCamp\materi\learn-typescript\api\01-create-project\node_modules\.pnpm\ts-node@10.9.2_@types+node@20.11.19_typescript@5.3.3\node_modules\ts-node\src\index.ts:1077:36)
    at Object.compile (D:\Bootcamp PijarCamp\materi\learn-typescript\api\01-create-project\node_modules\.pnpm\ts-node@10.9.2_@types+node@20.11.19_typescript@5.3.3\node_modules\ts-node\src\index.ts:1433:41)
    at Module.m._compile (D:\Bootcamp PijarCamp\materi\learn-typescript\api\01-create-project\node_modules\.pnpm\ts-node@10.9.2_@types+node@20.11.19_typescript@5.3.3\node_modules\ts-node\src\index.ts:1617:30)
    at Module._extensions..js (node:internal/modules/cjs/loader:1310:10)
    at Object.require.extensions.<computed> [as .ts] (D:\Bootcamp PijarCamp\materi\learn-typescript\api\01-create-project\node_modules\.pnpm\ts-node@10.9.2_@types+node@20.11.19_typescript@5.3.3\node_modules\ts-node\src\index.ts:1621:12)
    at Module.load (node:internal/modules/cjs/loader:1119:32)
    at Function.Module._load (node:internal/modules/cjs/loader:960:12)
    at Module.require (node:internal/modules/cjs/loader:1143:19)
[LOGGER] error : uncaughtException: тип Unable to compile TypeScript:
[96msrc/controllers/barang.controller.ts[0m:[93m101[0m:[93m24[0m - [91merror[0m[90m TS2554: [0mExpected 3 arguments, but got 1.

[7m101[0m     const data = await updateDataBarang({ ...value, id: parseInt(id) })
[7m   [0m [91m                       ~~~~~~~~~~~~~~~~~~~~~~~~~~~~~~~~~~~~~~~~~~~~~~~~[0m

  [96msrc/controllers/barang.controller.ts[0m:[93m86[0m:[93m3[0m
    [7m86[0m   res: Response,
    [7m  [0m [96m  ~~~~~~~~~~~~~[0m
    An argument for 'res' was not provided.

TSError: тип Unable to compile TypeScript:
[96msrc/controllers/barang.controller.ts[0m:[93m101[0m:[93m24[0m - [91merror[0m[90m TS2554: [0mExpected 3 arguments, but got 1.

[7m101[0m     const data = await updateDataBarang({ ...value, id: parseInt(id) })
[7m   [0m [91m                       ~~~~~~~~~~~~~~~~~~~~~~~~~~~~~~~~~~~~~~~~~~~~~~~~[0m

  [96msrc/controllers/barang.controller.ts[0m:[93m86[0m:[93m3[0m
    [7m86[0m   res: Response,
    [7m  [0m [96m  ~~~~~~~~~~~~~[0m
    An argument for 'res' was not provided.

    at createTSError (D:\Bootcamp PijarCamp\materi\learn-typescript\api\01-create-project\node_modules\.pnpm\ts-node@10.9.2_@types+node@20.11.19_typescript@5.3.3\node_modules\ts-node\src\index.ts:859:12)
    at reportTSError (D:\Bootcamp PijarCamp\materi\learn-typescript\api\01-create-project\node_modules\.pnpm\ts-node@10.9.2_@types+node@20.11.19_typescript@5.3.3\node_modules\ts-node\src\index.ts:863:19)
    at getOutput (D:\Bootcamp PijarCamp\materi\learn-typescript\api\01-create-project\node_modules\.pnpm\ts-node@10.9.2_@types+node@20.11.19_typescript@5.3.3\node_modules\ts-node\src\index.ts:1077:36)
    at Object.compile (D:\Bootcamp PijarCamp\materi\learn-typescript\api\01-create-project\node_modules\.pnpm\ts-node@10.9.2_@types+node@20.11.19_typescript@5.3.3\node_modules\ts-node\src\index.ts:1433:41)
    at Module.m._compile (D:\Bootcamp PijarCamp\materi\learn-typescript\api\01-create-project\node_modules\.pnpm\ts-node@10.9.2_@types+node@20.11.19_typescript@5.3.3\node_modules\ts-node\src\index.ts:1617:30)
    at Module._extensions..js (node:internal/modules/cjs/loader:1310:10)
    at Object.require.extensions.<computed> [as .ts] (D:\Bootcamp PijarCamp\materi\learn-typescript\api\01-create-project\node_modules\.pnpm\ts-node@10.9.2_@types+node@20.11.19_typescript@5.3.3\node_modules\ts-node\src\index.ts:1621:12)
    at Module.load (node:internal/modules/cjs/loader:1119:32)
    at Function.Module._load (node:internal/modules/cjs/loader:960:12)
    at Module.require (node:internal/modules/cjs/loader:1143:19)
[LOGGER] error : uncaughtException: тип Unable to compile TypeScript:
[96msrc/controllers/barang.controller.ts[0m:[93m125[0m:[93m37[0m - [91merror[0m[90m TS2345: [0mArgument of type 'string' is not assignable to parameter of type 'number'.

[7m125[0m     const data = await deleteBarang(id)
[7m   [0m [91m                                    ~~[0m

TSError: тип Unable to compile TypeScript:
[96msrc/controllers/barang.controller.ts[0m:[93m125[0m:[93m37[0m - [91merror[0m[90m TS2345: [0mArgument of type 'string' is not assignable to parameter of type 'number'.

[7m125[0m     const data = await deleteBarang(id)
[7m   [0m [91m                                    ~~[0m

    at createTSError (D:\Bootcamp PijarCamp\materi\learn-typescript\api\01-create-project\node_modules\.pnpm\ts-node@10.9.2_@types+node@20.11.19_typescript@5.3.3\node_modules\ts-node\src\index.ts:859:12)
    at reportTSError (D:\Bootcamp PijarCamp\materi\learn-typescript\api\01-create-project\node_modules\.pnpm\ts-node@10.9.2_@types+node@20.11.19_typescript@5.3.3\node_modules\ts-node\src\index.ts:863:19)
    at getOutput (D:\Bootcamp PijarCamp\materi\learn-typescript\api\01-create-project\node_modules\.pnpm\ts-node@10.9.2_@types+node@20.11.19_typescript@5.3.3\node_modules\ts-node\src\index.ts:1077:36)
    at Object.compile (D:\Bootcamp PijarCamp\materi\learn-typescript\api\01-create-project\node_modules\.pnpm\ts-node@10.9.2_@types+node@20.11.19_typescript@5.3.3\node_modules\ts-node\src\index.ts:1433:41)
    at Module.m._compile (D:\Bootcamp PijarCamp\materi\learn-typescript\api\01-create-project\node_modules\.pnpm\ts-node@10.9.2_@types+node@20.11.19_typescript@5.3.3\node_modules\ts-node\src\index.ts:1617:30)
    at Module._extensions..js (node:internal/modules/cjs/loader:1310:10)
    at Object.require.extensions.<computed> [as .ts] (D:\Bootcamp PijarCamp\materi\learn-typescript\api\01-create-project\node_modules\.pnpm\ts-node@10.9.2_@types+node@20.11.19_typescript@5.3.3\node_modules\ts-node\src\index.ts:1621:12)
    at Module.load (node:internal/modules/cjs/loader:1119:32)
    at Function.Module._load (node:internal/modules/cjs/loader:960:12)
    at Module.require (node:internal/modules/cjs/loader:1143:19)
[LOGGER] error : Error pad file src/controllers/barang.controller.ts : getAllBarang -  Error
[LOGGER] error : uncaughtException: тип Unable to compile TypeScript:
[96msrc/services/user.service.ts[0m:[93m6[0m:[93m5[0m - [91merror[0m[90m TS2322: [0mType '{ user_id: string; email: string; name: string; password: string; confirmPassword?: string | undefined; role: string; }' is not assignable to type '(Without<UserCreateInput, UserUncheckedCreateInput> & UserUncheckedCreateInput) | (Without<...> & UserCreateInput)'.
  Type '{ user_id: string; email: string; name: string; password: string; confirmPassword?: string | undefined; role: string; }' is not assignable to type 'Without<UserUncheckedCreateInput, UserCreateInput> & UserCreateInput'.
    Property 'passwrod' is missing in type '{ user_id: string; email: string; name: string; password: string; confirmPassword?: string | undefined; role: string; }' but required in type 'UserCreateInput'.

[7m6[0m     data: {
[7m [0m [91m    ~~~~[0m

  [96mnode_modules/.prisma/client/index.d.ts[0m:[93m3084[0m:[93m5[0m
    [7m3084[0m     passwrod: string
    [7m    [0m [96m    ~~~~~~~~[0m
    'passwrod' is declared here.
  [96mnode_modules/.prisma/client/index.d.ts[0m:[93m2655[0m:[93m5[0m
    [7m2655[0m     data: XOR<UserCreateInput, UserUncheckedCreateInput>
    [7m    [0m [96m    ~~~~[0m
    The expected type comes from property 'data' which is declared here on type '{ select?: UserSelect<DefaultArgs> | null | undefined; data: (Without<UserCreateInput, UserUncheckedCreateInput> & UserUncheckedCreateInput) | (Without<...> & UserCreateInput); }'

TSError: тип Unable to compile TypeScript:
[96msrc/services/user.service.ts[0m:[93m6[0m:[93m5[0m - [91merror[0m[90m TS2322: [0mType '{ user_id: string; email: string; name: string; password: string; confirmPassword?: string | undefined; role: string; }' is not assignable to type '(Without<UserCreateInput, UserUncheckedCreateInput> & UserUncheckedCreateInput) | (Without<...> & UserCreateInput)'.
  Type '{ user_id: string; email: string; name: string; password: string; confirmPassword?: string | undefined; role: string; }' is not assignable to type 'Without<UserUncheckedCreateInput, UserCreateInput> & UserCreateInput'.
    Property 'passwrod' is missing in type '{ user_id: string; email: string; name: string; password: string; confirmPassword?: string | undefined; role: string; }' but required in type 'UserCreateInput'.

[7m6[0m     data: {
[7m [0m [91m    ~~~~[0m

  [96mnode_modules/.prisma/client/index.d.ts[0m:[93m3084[0m:[93m5[0m
    [7m3084[0m     passwrod: string
    [7m    [0m [96m    ~~~~~~~~[0m
    'passwrod' is declared here.
  [96mnode_modules/.prisma/client/index.d.ts[0m:[93m2655[0m:[93m5[0m
    [7m2655[0m     data: XOR<UserCreateInput, UserUncheckedCreateInput>
    [7m    [0m [96m    ~~~~[0m
    The expected type comes from property 'data' which is declared here on type '{ select?: UserSelect<DefaultArgs> | null | undefined; data: (Without<UserCreateInput, UserUncheckedCreateInput> & UserUncheckedCreateInput) | (Without<...> & UserCreateInput); }'

    at createTSError (D:\Bootcamp PijarCamp\materi\learn-typescript\api\01-create-project\node_modules\.pnpm\ts-node@10.9.2_@types+node@20.11.19_typescript@5.3.3\node_modules\ts-node\src\index.ts:859:12)
    at reportTSError (D:\Bootcamp PijarCamp\materi\learn-typescript\api\01-create-project\node_modules\.pnpm\ts-node@10.9.2_@types+node@20.11.19_typescript@5.3.3\node_modules\ts-node\src\index.ts:863:19)
    at getOutput (D:\Bootcamp PijarCamp\materi\learn-typescript\api\01-create-project\node_modules\.pnpm\ts-node@10.9.2_@types+node@20.11.19_typescript@5.3.3\node_modules\ts-node\src\index.ts:1077:36)
    at Object.compile (D:\Bootcamp PijarCamp\materi\learn-typescript\api\01-create-project\node_modules\.pnpm\ts-node@10.9.2_@types+node@20.11.19_typescript@5.3.3\node_modules\ts-node\src\index.ts:1433:41)
    at Module.m._compile (D:\Bootcamp PijarCamp\materi\learn-typescript\api\01-create-project\node_modules\.pnpm\ts-node@10.9.2_@types+node@20.11.19_typescript@5.3.3\node_modules\ts-node\src\index.ts:1617:30)
    at Module._extensions..js (node:internal/modules/cjs/loader:1310:10)
    at Object.require.extensions.<computed> [as .ts] (D:\Bootcamp PijarCamp\materi\learn-typescript\api\01-create-project\node_modules\.pnpm\ts-node@10.9.2_@types+node@20.11.19_typescript@5.3.3\node_modules\ts-node\src\index.ts:1621:12)
    at Module.load (node:internal/modules/cjs/loader:1119:32)
    at Function.Module._load (node:internal/modules/cjs/loader:960:12)
    at Module.require (node:internal/modules/cjs/loader:1143:19)
[LOGGER] error : uncaughtException: тип Unable to compile TypeScript:
[96msrc/services/user.service.ts[0m:[93m6[0m:[93m5[0m - [91merror[0m[90m TS2322: [0mType '{ user_id: string; email: string; name: string; password: string; confirmPassword?: string | undefined; role: string; }' is not assignable to type '(Without<UserCreateInput, UserUncheckedCreateInput> & UserUncheckedCreateInput) | (Without<...> & UserCreateInput)'.
  Type '{ user_id: string; email: string; name: string; password: string; confirmPassword?: string | undefined; role: string; }' is not assignable to type 'Without<UserUncheckedCreateInput, UserCreateInput> & UserCreateInput'.
    Property 'passwrod' is missing in type '{ user_id: string; email: string; name: string; password: string; confirmPassword?: string | undefined; role: string; }' but required in type 'UserCreateInput'.

[7m6[0m     data: {
[7m [0m [91m    ~~~~[0m

  [96mnode_modules/.prisma/client/index.d.ts[0m:[93m3084[0m:[93m5[0m
    [7m3084[0m     passwrod: string
    [7m    [0m [96m    ~~~~~~~~[0m
    'passwrod' is declared here.
  [96mnode_modules/.prisma/client/index.d.ts[0m:[93m2655[0m:[93m5[0m
    [7m2655[0m     data: XOR<UserCreateInput, UserUncheckedCreateInput>
    [7m    [0m [96m    ~~~~[0m
    The expected type comes from property 'data' which is declared here on type '{ select?: UserSelect<DefaultArgs> | null | undefined; data: (Without<UserCreateInput, UserUncheckedCreateInput> & UserUncheckedCreateInput) | (Without<...> & UserCreateInput); }'

TSError: тип Unable to compile TypeScript:
[96msrc/services/user.service.ts[0m:[93m6[0m:[93m5[0m - [91merror[0m[90m TS2322: [0mType '{ user_id: string; email: string; name: string; password: string; confirmPassword?: string | undefined; role: string; }' is not assignable to type '(Without<UserCreateInput, UserUncheckedCreateInput> & UserUncheckedCreateInput) | (Without<...> & UserCreateInput)'.
  Type '{ user_id: string; email: string; name: string; password: string; confirmPassword?: string | undefined; role: string; }' is not assignable to type 'Without<UserUncheckedCreateInput, UserCreateInput> & UserCreateInput'.
    Property 'passwrod' is missing in type '{ user_id: string; email: string; name: string; password: string; confirmPassword?: string | undefined; role: string; }' but required in type 'UserCreateInput'.

[7m6[0m     data: {
[7m [0m [91m    ~~~~[0m

  [96mnode_modules/.prisma/client/index.d.ts[0m:[93m3084[0m:[93m5[0m
    [7m3084[0m     passwrod: string
    [7m    [0m [96m    ~~~~~~~~[0m
    'passwrod' is declared here.
  [96mnode_modules/.prisma/client/index.d.ts[0m:[93m2655[0m:[93m5[0m
    [7m2655[0m     data: XOR<UserCreateInput, UserUncheckedCreateInput>
    [7m    [0m [96m    ~~~~[0m
    The expected type comes from property 'data' which is declared here on type '{ select?: UserSelect<DefaultArgs> | null | undefined; data: (Without<UserCreateInput, UserUncheckedCreateInput> & UserUncheckedCreateInput) | (Without<...> & UserCreateInput); }'

    at createTSError (D:\Bootcamp PijarCamp\materi\learn-typescript\api\01-create-project\node_modules\.pnpm\ts-node@10.9.2_@types+node@20.11.19_typescript@5.3.3\node_modules\ts-node\src\index.ts:859:12)
    at reportTSError (D:\Bootcamp PijarCamp\materi\learn-typescript\api\01-create-project\node_modules\.pnpm\ts-node@10.9.2_@types+node@20.11.19_typescript@5.3.3\node_modules\ts-node\src\index.ts:863:19)
    at getOutput (D:\Bootcamp PijarCamp\materi\learn-typescript\api\01-create-project\node_modules\.pnpm\ts-node@10.9.2_@types+node@20.11.19_typescript@5.3.3\node_modules\ts-node\src\index.ts:1077:36)
    at Object.compile (D:\Bootcamp PijarCamp\materi\learn-typescript\api\01-create-project\node_modules\.pnpm\ts-node@10.9.2_@types+node@20.11.19_typescript@5.3.3\node_modules\ts-node\src\index.ts:1433:41)
    at Module.m._compile (D:\Bootcamp PijarCamp\materi\learn-typescript\api\01-create-project\node_modules\.pnpm\ts-node@10.9.2_@types+node@20.11.19_typescript@5.3.3\node_modules\ts-node\src\index.ts:1617:30)
    at Module._extensions..js (node:internal/modules/cjs/loader:1310:10)
    at Object.require.extensions.<computed> [as .ts] (D:\Bootcamp PijarCamp\materi\learn-typescript\api\01-create-project\node_modules\.pnpm\ts-node@10.9.2_@types+node@20.11.19_typescript@5.3.3\node_modules\ts-node\src\index.ts:1621:12)
    at Module.load (node:internal/modules/cjs/loader:1119:32)
    at Function.Module._load (node:internal/modules/cjs/loader:960:12)
    at Module.require (node:internal/modules/cjs/loader:1143:19)
[LOGGER] error : uncaughtException: тип Unable to compile TypeScript:
[96msrc/services/user.service.ts[0m:[93m6[0m:[93m5[0m - [91merror[0m[90m TS2322: [0mType '{ user_id: string; email: string; nama: string; password: string; confirmPassword?: string | undefined; role: string; }' is not assignable to type '(Without<UserCreateInput, UserUncheckedCreateInput> & UserUncheckedCreateInput) | (Without<...> & UserCreateInput)'.
  Type '{ user_id: string; email: string; nama: string; password: string; confirmPassword?: string | undefined; role: string; }' is not assignable to type 'Without<UserUncheckedCreateInput, UserCreateInput> & UserCreateInput'.
    Property 'passwrod' is missing in type '{ user_id: string; email: string; nama: string; password: string; confirmPassword?: string | undefined; role: string; }' but required in type 'UserCreateInput'.

[7m6[0m     data: {
[7m [0m [91m    ~~~~[0m

  [96mnode_modules/.prisma/client/index.d.ts[0m:[93m3084[0m:[93m5[0m
    [7m3084[0m     passwrod: string
    [7m    [0m [96m    ~~~~~~~~[0m
    'passwrod' is declared here.
  [96mnode_modules/.prisma/client/index.d.ts[0m:[93m2655[0m:[93m5[0m
    [7m2655[0m     data: XOR<UserCreateInput, UserUncheckedCreateInput>
    [7m    [0m [96m    ~~~~[0m
    The expected type comes from property 'data' which is declared here on type '{ select?: UserSelect<DefaultArgs> | null | undefined; data: (Without<UserCreateInput, UserUncheckedCreateInput> & UserUncheckedCreateInput) | (Without<...> & UserCreateInput); }'

TSError: тип Unable to compile TypeScript:
[96msrc/services/user.service.ts[0m:[93m6[0m:[93m5[0m - [91merror[0m[90m TS2322: [0mType '{ user_id: string; email: string; nama: string; password: string; confirmPassword?: string | undefined; role: string; }' is not assignable to type '(Without<UserCreateInput, UserUncheckedCreateInput> & UserUncheckedCreateInput) | (Without<...> & UserCreateInput)'.
  Type '{ user_id: string; email: string; nama: string; password: string; confirmPassword?: string | undefined; role: string; }' is not assignable to type 'Without<UserUncheckedCreateInput, UserCreateInput> & UserCreateInput'.
    Property 'passwrod' is missing in type '{ user_id: string; email: string; nama: string; password: string; confirmPassword?: string | undefined; role: string; }' but required in type 'UserCreateInput'.

[7m6[0m     data: {
[7m [0m [91m    ~~~~[0m

  [96mnode_modules/.prisma/client/index.d.ts[0m:[93m3084[0m:[93m5[0m
    [7m3084[0m     passwrod: string
    [7m    [0m [96m    ~~~~~~~~[0m
    'passwrod' is declared here.
  [96mnode_modules/.prisma/client/index.d.ts[0m:[93m2655[0m:[93m5[0m
    [7m2655[0m     data: XOR<UserCreateInput, UserUncheckedCreateInput>
    [7m    [0m [96m    ~~~~[0m
    The expected type comes from property 'data' which is declared here on type '{ select?: UserSelect<DefaultArgs> | null | undefined; data: (Without<UserCreateInput, UserUncheckedCreateInput> & UserUncheckedCreateInput) | (Without<...> & UserCreateInput); }'

    at createTSError (D:\Bootcamp PijarCamp\materi\learn-typescript\api\01-create-project\node_modules\.pnpm\ts-node@10.9.2_@types+node@20.11.19_typescript@5.3.3\node_modules\ts-node\src\index.ts:859:12)
    at reportTSError (D:\Bootcamp PijarCamp\materi\learn-typescript\api\01-create-project\node_modules\.pnpm\ts-node@10.9.2_@types+node@20.11.19_typescript@5.3.3\node_modules\ts-node\src\index.ts:863:19)
    at getOutput (D:\Bootcamp PijarCamp\materi\learn-typescript\api\01-create-project\node_modules\.pnpm\ts-node@10.9.2_@types+node@20.11.19_typescript@5.3.3\node_modules\ts-node\src\index.ts:1077:36)
    at Object.compile (D:\Bootcamp PijarCamp\materi\learn-typescript\api\01-create-project\node_modules\.pnpm\ts-node@10.9.2_@types+node@20.11.19_typescript@5.3.3\node_modules\ts-node\src\index.ts:1433:41)
    at Module.m._compile (D:\Bootcamp PijarCamp\materi\learn-typescript\api\01-create-project\node_modules\.pnpm\ts-node@10.9.2_@types+node@20.11.19_typescript@5.3.3\node_modules\ts-node\src\index.ts:1617:30)
    at Module._extensions..js (node:internal/modules/cjs/loader:1310:10)
    at Object.require.extensions.<computed> [as .ts] (D:\Bootcamp PijarCamp\materi\learn-typescript\api\01-create-project\node_modules\.pnpm\ts-node@10.9.2_@types+node@20.11.19_typescript@5.3.3\node_modules\ts-node\src\index.ts:1621:12)
    at Module.load (node:internal/modules/cjs/loader:1119:32)
    at Function.Module._load (node:internal/modules/cjs/loader:960:12)
    at Module.require (node:internal/modules/cjs/loader:1143:19)
[LOGGER] error : uncaughtException: тип Unable to compile TypeScript:
[96msrc/services/user.service.ts[0m:[93m6[0m:[93m5[0m - [91merror[0m[90m TS2322: [0mType '{ user_id: string; email: string; nama: string; password: string; confirmPassword?: string | undefined; role: string; }' is not assignable to type '(Without<UserCreateInput, UserUncheckedCreateInput> & UserUncheckedCreateInput) | (Without<...> & UserCreateInput)'.
  Type '{ user_id: string; email: string; nama: string; password: string; confirmPassword?: string | undefined; role: string; }' is not assignable to type 'Without<UserUncheckedCreateInput, UserCreateInput> & UserCreateInput'.
    Property 'passwrod' is missing in type '{ user_id: string; email: string; nama: string; password: string; confirmPassword?: string | undefined; role: string; }' but required in type 'UserCreateInput'.

[7m6[0m     data: {
[7m [0m [91m    ~~~~[0m

  [96mnode_modules/.prisma/client/index.d.ts[0m:[93m3084[0m:[93m5[0m
    [7m3084[0m     passwrod: string
    [7m    [0m [96m    ~~~~~~~~[0m
    'passwrod' is declared here.
  [96mnode_modules/.prisma/client/index.d.ts[0m:[93m2655[0m:[93m5[0m
    [7m2655[0m     data: XOR<UserCreateInput, UserUncheckedCreateInput>
    [7m    [0m [96m    ~~~~[0m
    The expected type comes from property 'data' which is declared here on type '{ select?: UserSelect<DefaultArgs> | null | undefined; data: (Without<UserCreateInput, UserUncheckedCreateInput> & UserUncheckedCreateInput) | (Without<...> & UserCreateInput); }'

TSError: тип Unable to compile TypeScript:
[96msrc/services/user.service.ts[0m:[93m6[0m:[93m5[0m - [91merror[0m[90m TS2322: [0mType '{ user_id: string; email: string; nama: string; password: string; confirmPassword?: string | undefined; role: string; }' is not assignable to type '(Without<UserCreateInput, UserUncheckedCreateInput> & UserUncheckedCreateInput) | (Without<...> & UserCreateInput)'.
  Type '{ user_id: string; email: string; nama: string; password: string; confirmPassword?: string | undefined; role: string; }' is not assignable to type 'Without<UserUncheckedCreateInput, UserCreateInput> & UserCreateInput'.
    Property 'passwrod' is missing in type '{ user_id: string; email: string; nama: string; password: string; confirmPassword?: string | undefined; role: string; }' but required in type 'UserCreateInput'.

[7m6[0m     data: {
[7m [0m [91m    ~~~~[0m

  [96mnode_modules/.prisma/client/index.d.ts[0m:[93m3084[0m:[93m5[0m
    [7m3084[0m     passwrod: string
    [7m    [0m [96m    ~~~~~~~~[0m
    'passwrod' is declared here.
  [96mnode_modules/.prisma/client/index.d.ts[0m:[93m2655[0m:[93m5[0m
    [7m2655[0m     data: XOR<UserCreateInput, UserUncheckedCreateInput>
    [7m    [0m [96m    ~~~~[0m
    The expected type comes from property 'data' which is declared here on type '{ select?: UserSelect<DefaultArgs> | null | undefined; data: (Without<UserCreateInput, UserUncheckedCreateInput> & UserUncheckedCreateInput) | (Without<...> & UserCreateInput); }'

    at createTSError (D:\Bootcamp PijarCamp\materi\learn-typescript\api\01-create-project\node_modules\.pnpm\ts-node@10.9.2_@types+node@20.11.19_typescript@5.3.3\node_modules\ts-node\src\index.ts:859:12)
    at reportTSError (D:\Bootcamp PijarCamp\materi\learn-typescript\api\01-create-project\node_modules\.pnpm\ts-node@10.9.2_@types+node@20.11.19_typescript@5.3.3\node_modules\ts-node\src\index.ts:863:19)
    at getOutput (D:\Bootcamp PijarCamp\materi\learn-typescript\api\01-create-project\node_modules\.pnpm\ts-node@10.9.2_@types+node@20.11.19_typescript@5.3.3\node_modules\ts-node\src\index.ts:1077:36)
    at Object.compile (D:\Bootcamp PijarCamp\materi\learn-typescript\api\01-create-project\node_modules\.pnpm\ts-node@10.9.2_@types+node@20.11.19_typescript@5.3.3\node_modules\ts-node\src\index.ts:1433:41)
    at Module.m._compile (D:\Bootcamp PijarCamp\materi\learn-typescript\api\01-create-project\node_modules\.pnpm\ts-node@10.9.2_@types+node@20.11.19_typescript@5.3.3\node_modules\ts-node\src\index.ts:1617:30)
    at Module._extensions..js (node:internal/modules/cjs/loader:1310:10)
    at Object.require.extensions.<computed> [as .ts] (D:\Bootcamp PijarCamp\materi\learn-typescript\api\01-create-project\node_modules\.pnpm\ts-node@10.9.2_@types+node@20.11.19_typescript@5.3.3\node_modules\ts-node\src\index.ts:1621:12)
    at Module.load (node:internal/modules/cjs/loader:1119:32)
    at Function.Module._load (node:internal/modules/cjs/loader:960:12)
    at Module.require (node:internal/modules/cjs/loader:1143:19)
[LOGGER] error : uncaughtException: тип Unable to compile TypeScript:
[96msrc/services/user.service.ts[0m:[93m6[0m:[93m5[0m - [91merror[0m[90m TS2322: [0mType '{ user_id: string; email: string; nama: string; password: string; confirmPassword?: string | undefined; role: string; }' is not assignable to type '(Without<UserCreateInput, UserUncheckedCreateInput> & UserUncheckedCreateInput) | (Without<...> & UserCreateInput)'.
  Type '{ user_id: string; email: string; nama: string; password: string; confirmPassword?: string | undefined; role: string; }' is not assignable to type 'Without<UserUncheckedCreateInput, UserCreateInput> & UserCreateInput'.
    Property 'passwrod' is missing in type '{ user_id: string; email: string; nama: string; password: string; confirmPassword?: string | undefined; role: string; }' but required in type 'UserCreateInput'.

[7m6[0m     data: {
[7m [0m [91m    ~~~~[0m

  [96mnode_modules/.prisma/client/index.d.ts[0m:[93m3084[0m:[93m5[0m
    [7m3084[0m     passwrod: string
    [7m    [0m [96m    ~~~~~~~~[0m
    'passwrod' is declared here.
  [96mnode_modules/.prisma/client/index.d.ts[0m:[93m2655[0m:[93m5[0m
    [7m2655[0m     data: XOR<UserCreateInput, UserUncheckedCreateInput>
    [7m    [0m [96m    ~~~~[0m
    The expected type comes from property 'data' which is declared here on type '{ select?: UserSelect<DefaultArgs> | null | undefined; data: (Without<UserCreateInput, UserUncheckedCreateInput> & UserUncheckedCreateInput) | (Without<...> & UserCreateInput); }'

TSError: тип Unable to compile TypeScript:
[96msrc/services/user.service.ts[0m:[93m6[0m:[93m5[0m - [91merror[0m[90m TS2322: [0mType '{ user_id: string; email: string; nama: string; password: string; confirmPassword?: string | undefined; role: string; }' is not assignable to type '(Without<UserCreateInput, UserUncheckedCreateInput> & UserUncheckedCreateInput) | (Without<...> & UserCreateInput)'.
  Type '{ user_id: string; email: string; nama: string; password: string; confirmPassword?: string | undefined; role: string; }' is not assignable to type 'Without<UserUncheckedCreateInput, UserCreateInput> & UserCreateInput'.
    Property 'passwrod' is missing in type '{ user_id: string; email: string; nama: string; password: string; confirmPassword?: string | undefined; role: string; }' but required in type 'UserCreateInput'.

[7m6[0m     data: {
[7m [0m [91m    ~~~~[0m

  [96mnode_modules/.prisma/client/index.d.ts[0m:[93m3084[0m:[93m5[0m
    [7m3084[0m     passwrod: string
    [7m    [0m [96m    ~~~~~~~~[0m
    'passwrod' is declared here.
  [96mnode_modules/.prisma/client/index.d.ts[0m:[93m2655[0m:[93m5[0m
    [7m2655[0m     data: XOR<UserCreateInput, UserUncheckedCreateInput>
    [7m    [0m [96m    ~~~~[0m
    The expected type comes from property 'data' which is declared here on type '{ select?: UserSelect<DefaultArgs> | null | undefined; data: (Without<UserCreateInput, UserUncheckedCreateInput> & UserUncheckedCreateInput) | (Without<...> & UserCreateInput); }'

    at createTSError (D:\Bootcamp PijarCamp\materi\learn-typescript\api\01-create-project\node_modules\.pnpm\ts-node@10.9.2_@types+node@20.11.19_typescript@5.3.3\node_modules\ts-node\src\index.ts:859:12)
    at reportTSError (D:\Bootcamp PijarCamp\materi\learn-typescript\api\01-create-project\node_modules\.pnpm\ts-node@10.9.2_@types+node@20.11.19_typescript@5.3.3\node_modules\ts-node\src\index.ts:863:19)
    at getOutput (D:\Bootcamp PijarCamp\materi\learn-typescript\api\01-create-project\node_modules\.pnpm\ts-node@10.9.2_@types+node@20.11.19_typescript@5.3.3\node_modules\ts-node\src\index.ts:1077:36)
    at Object.compile (D:\Bootcamp PijarCamp\materi\learn-typescript\api\01-create-project\node_modules\.pnpm\ts-node@10.9.2_@types+node@20.11.19_typescript@5.3.3\node_modules\ts-node\src\index.ts:1433:41)
    at Module.m._compile (D:\Bootcamp PijarCamp\materi\learn-typescript\api\01-create-project\node_modules\.pnpm\ts-node@10.9.2_@types+node@20.11.19_typescript@5.3.3\node_modules\ts-node\src\index.ts:1617:30)
    at Module._extensions..js (node:internal/modules/cjs/loader:1310:10)
    at Object.require.extensions.<computed> [as .ts] (D:\Bootcamp PijarCamp\materi\learn-typescript\api\01-create-project\node_modules\.pnpm\ts-node@10.9.2_@types+node@20.11.19_typescript@5.3.3\node_modules\ts-node\src\index.ts:1621:12)
    at Module.load (node:internal/modules/cjs/loader:1119:32)
    at Function.Module._load (node:internal/modules/cjs/loader:960:12)
    at Module.require (node:internal/modules/cjs/loader:1143:19)
[LOGGER] error : uncaughtException: тип Unable to compile TypeScript:
[96msrc/services/user.service.ts[0m:[93m6[0m:[93m5[0m - [91merror[0m[90m TS2322: [0mType '{ user_id: string; email: string; nama: string; password: string; confirmPassword?: string | undefined; role: string; }' is not assignable to type '(Without<UserCreateInput, UserUncheckedCreateInput> & UserUncheckedCreateInput) | (Without<...> & UserCreateInput)'.
  Type '{ user_id: string; email: string; nama: string; password: string; confirmPassword?: string | undefined; role: string; }' is not assignable to type 'Without<UserUncheckedCreateInput, UserCreateInput> & UserCreateInput'.
    Property 'passwrod' is missing in type '{ user_id: string; email: string; nama: string; password: string; confirmPassword?: string | undefined; role: string; }' but required in type 'UserCreateInput'.

[7m6[0m     data: {
[7m [0m [91m    ~~~~[0m

  [96mnode_modules/.prisma/client/index.d.ts[0m:[93m3084[0m:[93m5[0m
    [7m3084[0m     passwrod: string
    [7m    [0m [96m    ~~~~~~~~[0m
    'passwrod' is declared here.
  [96mnode_modules/.prisma/client/index.d.ts[0m:[93m2655[0m:[93m5[0m
    [7m2655[0m     data: XOR<UserCreateInput, UserUncheckedCreateInput>
    [7m    [0m [96m    ~~~~[0m
    The expected type comes from property 'data' which is declared here on type '{ select?: UserSelect<DefaultArgs> | null | undefined; data: (Without<UserCreateInput, UserUncheckedCreateInput> & UserUncheckedCreateInput) | (Without<...> & UserCreateInput); }'

TSError: тип Unable to compile TypeScript:
[96msrc/services/user.service.ts[0m:[93m6[0m:[93m5[0m - [91merror[0m[90m TS2322: [0mType '{ user_id: string; email: string; nama: string; password: string; confirmPassword?: string | undefined; role: string; }' is not assignable to type '(Without<UserCreateInput, UserUncheckedCreateInput> & UserUncheckedCreateInput) | (Without<...> & UserCreateInput)'.
  Type '{ user_id: string; email: string; nama: string; password: string; confirmPassword?: string | undefined; role: string; }' is not assignable to type 'Without<UserUncheckedCreateInput, UserCreateInput> & UserCreateInput'.
    Property 'passwrod' is missing in type '{ user_id: string; email: string; nama: string; password: string; confirmPassword?: string | undefined; role: string; }' but required in type 'UserCreateInput'.

[7m6[0m     data: {
[7m [0m [91m    ~~~~[0m

  [96mnode_modules/.prisma/client/index.d.ts[0m:[93m3084[0m:[93m5[0m
    [7m3084[0m     passwrod: string
    [7m    [0m [96m    ~~~~~~~~[0m
    'passwrod' is declared here.
  [96mnode_modules/.prisma/client/index.d.ts[0m:[93m2655[0m:[93m5[0m
    [7m2655[0m     data: XOR<UserCreateInput, UserUncheckedCreateInput>
    [7m    [0m [96m    ~~~~[0m
    The expected type comes from property 'data' which is declared here on type '{ select?: UserSelect<DefaultArgs> | null | undefined; data: (Without<UserCreateInput, UserUncheckedCreateInput> & UserUncheckedCreateInput) | (Without<...> & UserCreateInput); }'

    at createTSError (D:\Bootcamp PijarCamp\materi\learn-typescript\api\01-create-project\node_modules\.pnpm\ts-node@10.9.2_@types+node@20.11.19_typescript@5.3.3\node_modules\ts-node\src\index.ts:859:12)
    at reportTSError (D:\Bootcamp PijarCamp\materi\learn-typescript\api\01-create-project\node_modules\.pnpm\ts-node@10.9.2_@types+node@20.11.19_typescript@5.3.3\node_modules\ts-node\src\index.ts:863:19)
    at getOutput (D:\Bootcamp PijarCamp\materi\learn-typescript\api\01-create-project\node_modules\.pnpm\ts-node@10.9.2_@types+node@20.11.19_typescript@5.3.3\node_modules\ts-node\src\index.ts:1077:36)
    at Object.compile (D:\Bootcamp PijarCamp\materi\learn-typescript\api\01-create-project\node_modules\.pnpm\ts-node@10.9.2_@types+node@20.11.19_typescript@5.3.3\node_modules\ts-node\src\index.ts:1433:41)
    at Module.m._compile (D:\Bootcamp PijarCamp\materi\learn-typescript\api\01-create-project\node_modules\.pnpm\ts-node@10.9.2_@types+node@20.11.19_typescript@5.3.3\node_modules\ts-node\src\index.ts:1617:30)
    at Module._extensions..js (node:internal/modules/cjs/loader:1310:10)
    at Object.require.extensions.<computed> [as .ts] (D:\Bootcamp PijarCamp\materi\learn-typescript\api\01-create-project\node_modules\.pnpm\ts-node@10.9.2_@types+node@20.11.19_typescript@5.3.3\node_modules\ts-node\src\index.ts:1621:12)
    at Module.load (node:internal/modules/cjs/loader:1119:32)
    at Function.Module._load (node:internal/modules/cjs/loader:960:12)
    at Module.require (node:internal/modules/cjs/loader:1143:19)
[LOGGER] error : uncaughtException: тип Unable to compile TypeScript:
[96msrc/services/user.service.ts[0m:[93m6[0m:[93m5[0m - [91merror[0m[90m TS2322: [0mType '{ user_id: string; email: string; nama: string; password: string; confirmPassword?: string | undefined; role: string; }' is not assignable to type '(Without<UserCreateInput, UserUncheckedCreateInput> & UserUncheckedCreateInput) | (Without<...> & UserCreateInput)'.
  Type '{ user_id: string; email: string; nama: string; password: string; confirmPassword?: string | undefined; role: string; }' is not assignable to type 'Without<UserUncheckedCreateInput, UserCreateInput> & UserCreateInput'.
    Property 'passwrod' is missing in type '{ user_id: string; email: string; nama: string; password: string; confirmPassword?: string | undefined; role: string; }' but required in type 'UserCreateInput'.

[7m6[0m     data: {
[7m [0m [91m    ~~~~[0m

  [96mnode_modules/.prisma/client/index.d.ts[0m:[93m3084[0m:[93m5[0m
    [7m3084[0m     passwrod: string
    [7m    [0m [96m    ~~~~~~~~[0m
    'passwrod' is declared here.
  [96mnode_modules/.prisma/client/index.d.ts[0m:[93m2655[0m:[93m5[0m
    [7m2655[0m     data: XOR<UserCreateInput, UserUncheckedCreateInput>
    [7m    [0m [96m    ~~~~[0m
    The expected type comes from property 'data' which is declared here on type '{ select?: UserSelect<DefaultArgs> | null | undefined; data: (Without<UserCreateInput, UserUncheckedCreateInput> & UserUncheckedCreateInput) | (Without<...> & UserCreateInput); }'

TSError: тип Unable to compile TypeScript:
[96msrc/services/user.service.ts[0m:[93m6[0m:[93m5[0m - [91merror[0m[90m TS2322: [0mType '{ user_id: string; email: string; nama: string; password: string; confirmPassword?: string | undefined; role: string; }' is not assignable to type '(Without<UserCreateInput, UserUncheckedCreateInput> & UserUncheckedCreateInput) | (Without<...> & UserCreateInput)'.
  Type '{ user_id: string; email: string; nama: string; password: string; confirmPassword?: string | undefined; role: string; }' is not assignable to type 'Without<UserUncheckedCreateInput, UserCreateInput> & UserCreateInput'.
    Property 'passwrod' is missing in type '{ user_id: string; email: string; nama: string; password: string; confirmPassword?: string | undefined; role: string; }' but required in type 'UserCreateInput'.

[7m6[0m     data: {
[7m [0m [91m    ~~~~[0m

  [96mnode_modules/.prisma/client/index.d.ts[0m:[93m3084[0m:[93m5[0m
    [7m3084[0m     passwrod: string
    [7m    [0m [96m    ~~~~~~~~[0m
    'passwrod' is declared here.
  [96mnode_modules/.prisma/client/index.d.ts[0m:[93m2655[0m:[93m5[0m
    [7m2655[0m     data: XOR<UserCreateInput, UserUncheckedCreateInput>
    [7m    [0m [96m    ~~~~[0m
    The expected type comes from property 'data' which is declared here on type '{ select?: UserSelect<DefaultArgs> | null | undefined; data: (Without<UserCreateInput, UserUncheckedCreateInput> & UserUncheckedCreateInput) | (Without<...> & UserCreateInput); }'

    at createTSError (D:\Bootcamp PijarCamp\materi\learn-typescript\api\01-create-project\node_modules\.pnpm\ts-node@10.9.2_@types+node@20.11.19_typescript@5.3.3\node_modules\ts-node\src\index.ts:859:12)
    at reportTSError (D:\Bootcamp PijarCamp\materi\learn-typescript\api\01-create-project\node_modules\.pnpm\ts-node@10.9.2_@types+node@20.11.19_typescript@5.3.3\node_modules\ts-node\src\index.ts:863:19)
    at getOutput (D:\Bootcamp PijarCamp\materi\learn-typescript\api\01-create-project\node_modules\.pnpm\ts-node@10.9.2_@types+node@20.11.19_typescript@5.3.3\node_modules\ts-node\src\index.ts:1077:36)
    at Object.compile (D:\Bootcamp PijarCamp\materi\learn-typescript\api\01-create-project\node_modules\.pnpm\ts-node@10.9.2_@types+node@20.11.19_typescript@5.3.3\node_modules\ts-node\src\index.ts:1433:41)
    at Module.m._compile (D:\Bootcamp PijarCamp\materi\learn-typescript\api\01-create-project\node_modules\.pnpm\ts-node@10.9.2_@types+node@20.11.19_typescript@5.3.3\node_modules\ts-node\src\index.ts:1617:30)
    at Module._extensions..js (node:internal/modules/cjs/loader:1310:10)
    at Object.require.extensions.<computed> [as .ts] (D:\Bootcamp PijarCamp\materi\learn-typescript\api\01-create-project\node_modules\.pnpm\ts-node@10.9.2_@types+node@20.11.19_typescript@5.3.3\node_modules\ts-node\src\index.ts:1621:12)
    at Module.load (node:internal/modules/cjs/loader:1119:32)
    at Function.Module._load (node:internal/modules/cjs/loader:960:12)
    at Module.require (node:internal/modules/cjs/loader:1143:19)
[LOGGER] error : uncaughtException: тип Unable to compile TypeScript:
[96msrc/controllers/user.controller.ts[0m:[93m23[0m:[93m11[0m - [91merror[0m[90m TS2551: [0mProperty 'password' does not exist on type 'UserType'. Did you mean 'passwrod'?

[7m23[0m     value.password = encrypt(value.password)
[7m  [0m [91m          ~~~~~~~~[0m

  [96msrc/types/user.type.ts[0m:[93m5[0m:[93m3[0m
    [7m5[0m   passwrod: string
    [7m [0m [96m  ~~~~~~~~[0m
    'passwrod' is declared here.
[96msrc/controllers/user.controller.ts[0m:[93m23[0m:[93m36[0m - [91merror[0m[90m TS2551: [0mProperty 'password' does not exist on type 'UserType'. Did you mean 'passwrod'?

[7m23[0m     value.password = encrypt(value.password)
[7m  [0m [91m                                   ~~~~~~~~[0m

  [96msrc/types/user.type.ts[0m:[93m5[0m:[93m3[0m
    [7m5[0m   passwrod: string
    [7m [0m [96m  ~~~~~~~~[0m
    'passwrod' is declared here.

TSError: тип Unable to compile TypeScript:
[96msrc/controllers/user.controller.ts[0m:[93m23[0m:[93m11[0m - [91merror[0m[90m TS2551: [0mProperty 'password' does not exist on type 'UserType'. Did you mean 'passwrod'?

[7m23[0m     value.password = encrypt(value.password)
[7m  [0m [91m          ~~~~~~~~[0m

  [96msrc/types/user.type.ts[0m:[93m5[0m:[93m3[0m
    [7m5[0m   passwrod: string
    [7m [0m [96m  ~~~~~~~~[0m
    'passwrod' is declared here.
[96msrc/controllers/user.controller.ts[0m:[93m23[0m:[93m36[0m - [91merror[0m[90m TS2551: [0mProperty 'password' does not exist on type 'UserType'. Did you mean 'passwrod'?

[7m23[0m     value.password = encrypt(value.password)
[7m  [0m [91m                                   ~~~~~~~~[0m

  [96msrc/types/user.type.ts[0m:[93m5[0m:[93m3[0m
    [7m5[0m   passwrod: string
    [7m [0m [96m  ~~~~~~~~[0m
    'passwrod' is declared here.

    at createTSError (D:\Bootcamp PijarCamp\materi\learn-typescript\api\01-create-project\node_modules\.pnpm\ts-node@10.9.2_@types+node@20.11.19_typescript@5.3.3\node_modules\ts-node\src\index.ts:859:12)
    at reportTSError (D:\Bootcamp PijarCamp\materi\learn-typescript\api\01-create-project\node_modules\.pnpm\ts-node@10.9.2_@types+node@20.11.19_typescript@5.3.3\node_modules\ts-node\src\index.ts:863:19)
    at getOutput (D:\Bootcamp PijarCamp\materi\learn-typescript\api\01-create-project\node_modules\.pnpm\ts-node@10.9.2_@types+node@20.11.19_typescript@5.3.3\node_modules\ts-node\src\index.ts:1077:36)
    at Object.compile (D:\Bootcamp PijarCamp\materi\learn-typescript\api\01-create-project\node_modules\.pnpm\ts-node@10.9.2_@types+node@20.11.19_typescript@5.3.3\node_modules\ts-node\src\index.ts:1433:41)
    at Module.m._compile (D:\Bootcamp PijarCamp\materi\learn-typescript\api\01-create-project\node_modules\.pnpm\ts-node@10.9.2_@types+node@20.11.19_typescript@5.3.3\node_modules\ts-node\src\index.ts:1617:30)
    at Module._extensions..js (node:internal/modules/cjs/loader:1310:10)
    at Object.require.extensions.<computed> [as .ts] (D:\Bootcamp PijarCamp\materi\learn-typescript\api\01-create-project\node_modules\.pnpm\ts-node@10.9.2_@types+node@20.11.19_typescript@5.3.3\node_modules\ts-node\src\index.ts:1621:12)
    at Module.load (node:internal/modules/cjs/loader:1119:32)
    at Function.Module._load (node:internal/modules/cjs/loader:960:12)
    at Module.require (node:internal/modules/cjs/loader:1143:19)
[LOGGER] error : Error pada file src/controller/user.controller.ts : registerUser - data and salt arguments required
[LOGGER] error : Error pada file src/controller/user.controller.ts : registerUser - 
Invalid `prisma.user.create()` invocation in
D:\Bootcamp PijarCamp\materi\learn-typescript\api\01-create-project\src\services\user.service.ts:5:34

  2 import prisma from '../utils/client'
  3 
  4 export const createUser = async (payload: UserType): Promise<any> => {
тЖТ 5   const data = await prisma.user.create({
        data: {
          email: "rikimuhammadnurhidayat@gmail.com",
          nama: "riki",
          passwrod: "$2b$10$uEMPZBhLf.ZHr0KStmFdeu.0AMjom7P52o.TObUrFnSih0fZezYoa",
      +   password: String
        }
      })

Argument `password` is missing.
[LOGGER] error : Error pada file src/controller/user.controller.ts : registerUser - 
Invalid `prisma.user.create()` invocation in
D:\Bootcamp PijarCamp\materi\learn-typescript\api\01-create-project\src\services\user.service.ts:5:34

  2 import prisma from '../utils/client'
  3 
  4 export const createUser = async (payload: UserType): Promise<any> => {
тЖТ 5   const data = await prisma.user.create({
        data: {
          email: "rikimuhammadnurhidayat@gmail.com",
          nama: "riki",
          password: "$2b$10$AMOLa1e.EinSIilxkt6WF.hZS7MqUdN.N.P0SgJAHsbE0C4i8.2mG",
      +   passwrod: String
        }
      })

Argument `passwrod` is missing.
